{"file":"caller.go:120","func":"hook.getCaller","level":"info","msg":"http server is starting in port:8081","time":"2021-11-28 01:38:23"}
{"file":"caller.go:120","func":"hook.getCaller","level":"info","msg":"got signal interrupt, http server exit\n","time":"2021-11-28 01:38:33"}
{"file":"caller.go:120","func":"hook.getCaller","level":"info","msg":"http server is closing...","time":"2021-11-28 01:38:33"}
{"file":"caller.go:120","func":"hook.getCaller","level":"info","msg":"http server closed","time":"2021-11-28 01:38:33"}
{"app":"web-template-ddd","file":"handler.go:51","func":"handler.newHandlerFuncWithLogger","level":"error","msg":"checkMethod err: the second in of method(func(context.Context, interface {}) (*string, error)) must be a pointer","time":"2021-11-29 19:43:02"}
{"app":"web-template-ddd","file":"handler.go:51","func":"handler.newHandlerFuncWithLogger","level":"error","msg":"checkMethod err: the second in of method(func(context.Context, *interface {}) (*string, error)) must be a struct or map to bind param","time":"2021-11-29 19:43:37"}
{"app":"web-template-ddd","file":"handler.go:51","func":"handler.newHandlerFuncWithLogger","level":"error","msg":"checkMethod err: the second in of method(func(context.Context, *map[string]string) (*string, error)) must be a struct or map to bind param","time":"2021-11-29 19:44:14"}
{"app":"web-template-ddd","file":"handler.go:51","func":"handler.newHandlerFuncWithLogger","level":"error","msg":"checkMethod err: method(func(context.Context, *proto.TestRegisterReq) (*proto.TestRegisterResp, error)) must has 1 out","time":"2021-11-29 19:45:27"}
{"app":"web-template-ddd","file":"server.go:75","func":"httpserver.(*server).Run.func1","level":"info","msg":"http server is starting in port:8000","time":"2021-11-29 19:46:01"}
{"app":"web-template-ddd","file":"server.go:86","func":"httpserver.(*server).Run","level":"info","msg":"got signal interrupt, http server exit\n","time":"2021-11-29 21:37:29"}
{"app":"web-template-ddd","file":"server.go:101","func":"httpserver.(*server).Close","level":"info","msg":"http server is closing...","time":"2021-11-29 21:37:29"}
{"app":"web-template-ddd","file":"server.go:81","func":"httpserver.(*server).Run.func1","level":"info","msg":"http server closed","time":"2021-11-29 21:37:29"}
{"app":"web-template-ddd","file":"server.go:75","func":"httpserver.(*server).Run.func1","level":"info","msg":"http server is starting in port:8080","time":"2021-11-29 21:37:37"}
{"app":"web-template-ddd","body":"","file":"logging.go:46","func":"middleware.LoggingRequestWithLogger.func1","headers":"{\"Accept\":\"*/*\",\"Accept-Encoding\":\"gzip, deflate, br\",\"Connection\":\"keep-alive\",\"Postman-Token\":\"35740a62-3c55-4ce1-b7f6-5dfd2f88f519\",\"User-Agent\":\"PostmanRuntime/7.28.4\"}","level":"info","method":"GET","msg":"incoming http request","remote":"127.0.0.1:56345","time":"2021-11-29 21:37:50","uri":"/v1/test/ping"}
{"app":"web-template-ddd","body":"{\"code\":true,\"message\":\"\",\"data\":\"pong\"}\n","file":"logging.go:64","func":"middleware.LoggingResponseWithLogger.func1","headers":"{\"Access-Control-Allow-Credentials\":\"true\",\"Access-Control-Allow-Headers\":\"Content-Type, Content-Length, Token\",\"Access-Control-Allow-Methods\":\"POST, GET, PUT, DELETE, OPTIONS\",\"Access-Control-Expose-Headers\":\"Access-Control-Allow-Headers, Token\",\"Content-Type\":\"application/json; charset=utf-8\"}","level":"info","msg":"outgoing http response","status":"200 OK","time":"2021-11-29 21:37:50"}
{"app":"web-template-ddd","body":"name=korbin\u0026password=123","file":"logging.go:46","func":"middleware.LoggingRequestWithLogger.func1","headers":"{\"Accept\":\"*/*\",\"Accept-Encoding\":\"gzip, deflate, br\",\"Connection\":\"keep-alive\",\"Content-Length\":\"24\",\"Content-Type\":\"application/x-www-form-urlencoded\",\"Postman-Token\":\"7db84af5-55ab-4918-b82a-d630de3482c8\",\"User-Agent\":\"PostmanRuntime/7.28.4\"}","level":"info","method":"POST","msg":"incoming http request","remote":"127.0.0.1:56345","time":"2021-11-29 21:39:21","uri":"/v1/test/register"}
{"app":"web-template-ddd","body":"{\"code\":false,\"message\":\"only a pointer to a struct can be validated\",\"data\":null}","file":"logging.go:64","func":"middleware.LoggingResponseWithLogger.func1","headers":"{\"Access-Control-Allow-Credentials\":\"true\",\"Access-Control-Allow-Headers\":\"Content-Type, Content-Length, Token\",\"Access-Control-Allow-Methods\":\"POST, GET, PUT, DELETE, OPTIONS\",\"Access-Control-Expose-Headers\":\"Access-Control-Allow-Headers, Token\",\"Content-Type\":\"application/json; charset=utf-8\"}","level":"info","msg":"outgoing http response","status":"200 OK","time":"2021-11-29 21:39:21"}
{"app":"web-template-ddd","file":"server.go:86","func":"httpserver.(*server).Run","level":"info","msg":"got signal interrupt, http server exit\n","time":"2021-11-29 21:41:42"}
{"app":"web-template-ddd","file":"server.go:101","func":"httpserver.(*server).Close","level":"info","msg":"http server is closing...","time":"2021-11-29 21:41:42"}
{"app":"web-template-ddd","file":"server.go:81","func":"httpserver.(*server).Run.func1","level":"info","msg":"http server closed","time":"2021-11-29 21:41:42"}
{"app":"web-template-ddd","file":"server.go:75","func":"httpserver.(*server).Run.func1","level":"info","msg":"http server is starting in port:8080","time":"2021-11-29 21:41:49"}
{"app":"web-template-ddd","body":"name=korbin\u0026password=123","file":"logging.go:46","func":"middleware.LoggingRequestWithLogger.func1","headers":"{\"Accept\":\"*/*\",\"Accept-Encoding\":\"gzip, deflate, br\",\"Connection\":\"keep-alive\",\"Content-Length\":\"24\",\"Content-Type\":\"application/x-www-form-urlencoded\",\"Postman-Token\":\"f263e291-1830-4bf9-afc1-1a974ad335b1\",\"User-Agent\":\"PostmanRuntime/7.28.4\"}","level":"info","method":"POST","msg":"incoming http request","remote":"127.0.0.1:57659","time":"2021-11-29 21:42:56","uri":"/v1/test/register"}
{"app":"web-template-ddd","body":"{\"code\":true,\"message\":\"\",\"data\":{\"welcome\":{\"id\":\"61a4d8e0b01a27801362ed79\",\"name\":\"korbin\",\"password\":\"6e55461bfe56f45ad4ca24d821b12b7d\"}}}\n","file":"logging.go:64","func":"middleware.LoggingResponseWithLogger.func1","headers":"{\"Access-Control-Allow-Credentials\":\"true\",\"Access-Control-Allow-Headers\":\"Content-Type, Content-Length, Token\",\"Access-Control-Allow-Methods\":\"POST, GET, PUT, DELETE, OPTIONS\",\"Access-Control-Expose-Headers\":\"Access-Control-Allow-Headers, Token\",\"Content-Type\":\"application/json; charset=utf-8\"}","level":"info","msg":"outgoing http response","status":"200 OK","time":"2021-11-29 21:42:56"}
{"app":"web-template-ddd","body":"","file":"logging.go:46","func":"middleware.LoggingRequestWithLogger.func1","headers":"{\"Accept\":\"*/*\",\"Accept-Encoding\":\"gzip, deflate, br\",\"Connection\":\"keep-alive\",\"Postman-Token\":\"85795e0b-09c0-4423-8bf3-b0ad20840d5a\",\"User-Agent\":\"PostmanRuntime/7.28.4\"}","level":"info","method":"GET","msg":"incoming http request","remote":"127.0.0.1:57659","time":"2021-11-29 22:06:36","uri":"/test/ping?name=korbin\u0026age=123"}
{"app":"web-template-ddd","body":"","file":"logging.go:64","func":"middleware.LoggingResponseWithLogger.func1","headers":"{\"Access-Control-Allow-Credentials\":\"true\",\"Access-Control-Allow-Headers\":\"Content-Type, Content-Length, Token\",\"Access-Control-Allow-Methods\":\"POST, GET, PUT, DELETE, OPTIONS\",\"Access-Control-Expose-Headers\":\"Access-Control-Allow-Headers, Token\"}","level":"info","msg":"outgoing http response","status":"404 Not Found","time":"2021-11-29 22:06:36"}
{"app":"web-template-ddd","file":"server.go:86","func":"httpserver.(*server).Run","level":"info","msg":"got signal interrupt, http server exit\n","time":"2021-11-29 22:44:33"}
{"app":"web-template-ddd","file":"server.go:101","func":"httpserver.(*server).Close","level":"info","msg":"http server is closing...","time":"2021-11-29 22:44:33"}
{"app":"web-template-ddd","file":"server.go:81","func":"httpserver.(*server).Run.func1","level":"info","msg":"http server closed","time":"2021-11-29 22:44:33"}
{"app":"web-template-ddd","file":"server.go:75","func":"httpserver.(*server).Run.func1","level":"info","msg":"http server is starting in port:8080","time":"2021-11-29 22:45:53"}
{"app":"web-template-ddd","file":"server.go:86","func":"httpserver.(*server).Run","level":"info","msg":"got signal interrupt, http server exit\n","time":"2021-11-29 22:45:55"}
{"app":"web-template-ddd","file":"server.go:101","func":"httpserver.(*server).Close","level":"info","msg":"http server is closing...","time":"2021-11-29 22:45:55"}
{"app":"web-template-ddd","file":"server.go:81","func":"httpserver.(*server).Run.func1","level":"info","msg":"http server closed","time":"2021-11-29 22:45:55"}
{"app":"web-template-ddd","file":"server.go:75","func":"httpserver.(*server).Run.func1","level":"info","msg":"http server is starting in port:8080","time":"2022-02-08 00:58:11"}
{"app":"web-template-ddd","body":"","file":"logging.go:46","func":"middleware.LoggingRequestWithLogger.func1","headers":"{\"Accept\":\"text/html,application/xhtml+xml,application/xml;q=0.9,image/avif,image/webp,image/apng,*/*;q=0.8,application/signed-exchange;v=b3;q=0.9\",\"Accept-Encoding\":\"gzip, deflate, br\",\"Accept-Language\":\"zh-CN,zh;q=0.9\",\"Connection\":\"keep-alive\",\"Cookie\":\"Webstorm-d5084559=b28c9d97-7c4b-4204-8ef9-b06634f33c1a\",\"Sec-Ch-Ua\":\"\\\" Not A;Brand\\\";v=\\\"99\\\", \\\"Chromium\\\";v=\\\"96\\\", \\\"Google Chrome\\\";v=\\\"96\\\"\",\"Sec-Ch-Ua-Mobile\":\"?0\",\"Sec-Ch-Ua-Platform\":\"\\\"macOS\\\"\",\"Sec-Fetch-Dest\":\"document\",\"Sec-Fetch-Mode\":\"navigate\",\"Sec-Fetch-Site\":\"none\",\"Sec-Fetch-User\":\"?1\",\"Upgrade-Insecure-Requests\":\"1\",\"User-Agent\":\"Mozilla/5.0 (Macintosh; Intel Mac OS X 10_15_7) AppleWebKit/537.36 (KHTML, like Gecko) Chrome/96.0.4664.110 Safari/537.36\"}","level":"info","method":"GET","msg":"incoming http request","remote":"[::1]:60405","time":"2022-02-08 00:58:26","uri":"/v1/test/ping"}
{"app":"web-template-ddd","body":"{\"code\":true,\"message\":\"\",\"data\":\"pong\"}\n","file":"logging.go:64","func":"middleware.LoggingResponseWithLogger.func1","headers":"{\"Access-Control-Allow-Credentials\":\"true\",\"Access-Control-Allow-Headers\":\"Content-Type, Content-Length, Token\",\"Access-Control-Allow-Methods\":\"POST, GET, PUT, DELETE, OPTIONS\",\"Access-Control-Expose-Headers\":\"Access-Control-Allow-Headers, Token\",\"Content-Type\":\"application/json; charset=utf-8\"}","level":"info","msg":"outgoing http response","status":"200 OK","time":"2022-02-08 00:58:26"}
{"app":"web-template-ddd","file":"server.go:86","func":"httpserver.(*server).Run","level":"info","msg":"got signal interrupt, http server exit\n","time":"2022-02-08 01:00:32"}
{"app":"web-template-ddd","file":"server.go:101","func":"httpserver.(*server).Close","level":"info","msg":"http server is closing...","time":"2022-02-08 01:00:32"}
{"app":"web-template-ddd","file":"server.go:81","func":"httpserver.(*server).Run.func1","level":"info","msg":"http server closed","time":"2022-02-08 01:00:32"}
{"app":"web-template-ddd","error":"failed to init email: 535 Error: authentication failed, system busy","file":"root.go:41","func":"cmd.Run.func1","level":"fatal","msg":"failed to init components","time":"2022-04-10 17:04:13"}
{"app":"web-template-ddd","error":"failed to init email: 535 Error: authentication failed, system busy","file":"root.go:41","func":"cmd.Run.func1","level":"fatal","msg":"failed to init components","time":"2022-04-10 17:04:31"}
{"app":"web-template-ddd","error":"failed to init email: 535 Error: authentication failed, system busy","file":"root.go:41","func":"cmd.Run.func1","level":"fatal","msg":"failed to init components","time":"2022-04-10 17:05:14"}
{"app":"web-template-ddd","error":"failed to init email: 535 Error: authentication failed, system busy","file":"root.go:41","func":"cmd.Run.func1","level":"fatal","msg":"failed to init components","time":"2022-04-10 17:06:26"}
